2010-11-27 17:42:38.173538 - LilyBBS Top10 fetch successful!
2010-11-27 17:42:38.339538 - source: LilyBBS TOP10
                             title:  [Pictures]zz南京在建高架桥垮塌
2010-11-27 17:42:40.365538 - LilyBBS TOP10 - update wordpress failed!!!!!
2010-11-27 17:43:25.051538 - LilyBBS Top10 fetch successful!
2010-11-27 17:43:25.177538 - source: LilyBBS TOP10
                             title:  [Pictures]zz南京在建高架桥垮塌
2010-11-27 17:43:27.241538 - LilyBBS TOP10 - update wordpress failed!!!!!
2010-11-27 17:44:55.453538 - LilyBBS Top10 fetch successful!
2010-11-27 17:44:55.595538 - source: LilyBBS TOP10
                             title:  [Pictures]zz南京在建高架桥垮塌
2010-11-27 17:44:57.616538 - LilyBBS TOP10 - update wordpress failed!!!!!
2010-11-27 17:45:37.090538 - LilyBBS Top10 fetch successful!
2010-11-27 17:45:37.254538 - source: LilyBBS TOP10
                             title:  [Pictures]zz南京在建高架桥垮塌
2010-11-27 17:45:39.321538 - LilyBBS TOP10 - update wordpress failed!!!!!
2010-11-27 17:46:56.261538 - LilyBBS Top10 fetch successful!
2010-11-27 17:46:56.409538 - source: LilyBBS TOP10
                             title:  [Pictures]zz南京在建高架桥垮塌
2010-11-27 17:46:58.426538 - LilyBBS TOP10 - update wordpress failed!!!!!
2010-11-27 19:30:21.029538 - LilyBBS Top10 fetch successful!
2010-11-27 19:30:21.147538 - source: LilyBBS TOP10
                             title:  [Pictures]zz南京在建高架桥垮塌
2010-11-27 19:30:23.167538 - LilyBBS TOP10 - update wordpress failed!!!!!
2010-11-27 19:34:53.640538 - LilyBBS Top10 fetch successful!
2010-11-27 19:34:53.745538 - source: LilyBBS TOP10
                             title:  [Pictures]zz南京在建高架桥垮塌
2010-11-27 19:34:55.769538 - LilyBBS TOP10 - update wordpress failed!!!!!
2010-11-27 19:34:56.674538 - LilyBBS TOP10 - a new post to renren
2010-11-27 19:34:56.741538 - source: LilyBBS TOP10
                             title:  [S_Geography]抱抱我们可爱的道道同学
2010-11-27 19:34:58.895538 - LilyBBS TOP10 - update wordpress failed!!!!!
2010-11-27 19:34:59.748538 - LilyBBS TOP10 - a new post to renren
2010-11-27 19:34:59.803538 - source: LilyBBS TOP10
                             title:  [S_Journalism]欢乐“新”“气”象迎新晚会节目火热招募中！
2010-11-27 19:35:01.837538 - LilyBBS TOP10 - update wordpress failed!!!!!
2010-11-27 19:35:02.743538 - LilyBBS TOP10 - a new post to renren
2010-11-27 19:35:02.867538 - source: LilyBBS TOP10
                             title:  [Pictures]中国女排3：2逆转韩国获亚运冠军 中国199金完美收官
2010-11-27 19:35:04.896538 - LilyBBS TOP10 - update wordpress failed!!!!!
2010-11-27 19:35:08.974538 - LilyBBS TOP10 - a new post to renren
2010-11-27 19:35:09.029538 - source: LilyBBS TOP10
                             title:  [S_LifeScience]请把【Under the S.K.Y】翻译成【生科院罩着你】
2010-11-27 19:35:11.097538 - LilyBBS TOP10 - update wordpress failed!!!!!
2010-11-27 19:35:32.899538 - LilyBBS TOP10 - a new post to renren
2010-11-27 19:35:33.629538 - source: LilyBBS TOP10
                             title:  [FOOD]像对待恋人一样对待食物（2）虾
2010-11-27 19:35:35.674538 - LilyBBS TOP10 - update wordpress failed!!!!!
2010-11-27 19:35:36.844538 - LilyBBS TOP10 - a new post to renren
2010-11-27 19:35:36.908538 - source: LilyBBS TOP10
                             title:  [EarthSciences]祝贺王建刚“柳区砾岩”Sedimentary Geology发表
2010-11-27 19:35:38.934538 - LilyBBS TOP10 - update wordpress failed!!!!!
2010-11-27 19:35:40.322538 - LilyBBS TOP10 - a new post to renren
2010-11-27 19:40:07.265538 - LilyBBS Top10 fetch successful!
2010-11-27 19:40:07.396538 - source: LilyBBS TOP10
                             title:  [FOOD]像对待恋人一样对待食物（2）虾
2010-11-27 19:40:08.819538 - LilyBBS TOP10 - a new post to wordpress
2010-11-27 19:40:12.987538 - LilyBBS TOP10 - a new post to renren
2010-11-27 19:44:26.897538 - LilyBBS Top10 fetch successful!
2010-11-27 19:44:27.013538 - source: LilyBBS TOP10
                             title:  [FOOD]像对待恋人一样对待食物（2）虾
2010-11-27 19:44:30.039538 - LilyBBS TOP10 - a new post to wordpress
2010-11-27 19:44:34.340538 - LilyBBS TOP10 - a new post to renren
2010-11-27 19:50:15.123538 - LilyBBS Top10 fetch successful!
2010-11-27 19:50:15.252538 - source: LilyBBS TOP10
                             title:  [FOOD]像对待恋人一样对待食物（2）虾
2010-11-27 19:50:17.527538 - LilyBBS TOP10 - a new post to wordpress
2010-11-27 19:50:19.392538 - LilyBBS TOP10 - a new post to renren
2010-11-27 19:54:51.603538 - jiaowu fetch successful!
2010-11-27 19:54:51.875538 - source: jiaowu
                             title:  2010-2011学年第二学期C9交流入选名单公示
2010-11-27 19:54:54.081538 - Jiaowu News - a new post to wordpress
2010-11-27 19:54:55.475538 - Jiaowu News - a new post to renren
2010-11-27 20:01:24.617538 - jiaowu fetch successful!
2010-11-27 20:01:24.920538 - source: jiaowu
                             title:  2010-2011学年第二学期C9交流入选名单公示
2010-11-27 20:01:27.258538 - Jiaowu News - a new post to wordpress
2010-11-27 20:01:28.599538 - Jiaowu News - a new post to renren
2010-11-27 20:08:25.742538 - LilyBBS Top10 fetch successful!
2010-11-27 20:08:25.884538 - source: LilyBBS TOP10
                             title:  [NJUExpress]I’m Coming――假面舞会宣传第二波
2010-11-27 20:08:29.155538 - LilyBBS TOP10 - a new post to wordpress
2010-11-27 20:08:30.343538 - LilyBBS TOP10 - a new post to renren
2010-11-27 20:32:28.517538 - LilyBBS Top10 fetch successful!
2010-11-27 20:32:28.551538 - LilyBBS Events fetch successful!
2010-11-27 20:41:30.963538 - LilyBBS Top10 fetch successful!
2010-11-27 20:41:31.000538 - LilyBBS Events fetch successful!
2010-11-27 20:41:31.243538 - source: LilyBBS Events
                             title:  “赢在公考”——考前经验分享报告会 
2010-11-27 20:41:34.368538 - LilyBBS Events - a new post to wordpress
2010-11-27 20:41:35.780538 - LilyBBS Events - a new post to renren
2010-11-27 20:41:35.819538 - source: LilyBBS Events
                             title:  【我的大学我的家】兄弟高校食堂超市体验！ 
2010-11-27 20:41:36.915538 - LilyBBS Events - a new post to wordpress
2010-11-27 20:41:42.403538 - LilyBBS Events - a new post to renren
2010-11-27 20:41:42.444538 - source: LilyBBS Events
                             title:  “南大人之路”系列报告——打算创业，你准备好了吗
2010-11-27 20:41:43.494538 - LilyBBS Events - a new post to wordpress
2010-11-27 20:41:46.232538 - LilyBBS Events - a new post to renren
2010-11-27 20:41:46.270538 - source: LilyBBS Events
                             title:  【两个奥运的对话】南大、北大辩论赛 
2010-11-27 20:41:47.268538 - LilyBBS Events - a new post to wordpress
2010-11-27 20:41:48.593538 - LilyBBS Events - a new post to renren
2010-11-27 20:41:48.620538 - source: LilyBBS Events
                             title:  国际学院系列英语活动欢迎你 
2010-11-27 20:41:49.633538 - LilyBBS Events - a new post to wordpress
2010-11-27 20:41:50.374538 - LilyBBS Events - a new post to renren
2010-11-27 20:41:50.401538 - source: LilyBBS Events
                             title:  关于就业指导中心办公地点调整的公告 
2010-11-27 20:41:51.443538 - LilyBBS Events - a new post to wordpress
2010-11-27 20:41:52.464538 - LilyBBS Events - a new post to renren
2010-11-27 20:41:52.497538 - source: LilyBBS Events
                             title:  【2010纽约广告节*金奖作品*展览会】 
2010-11-27 20:41:53.517538 - LilyBBS Events - a new post to wordpress
2010-11-27 20:41:54.389538 - LilyBBS Events - a new post to renren
