2010-11-29 21:15:39.610743 - LilyBBS Top10 fetch successful!
2010-11-29 21:16:57.815857 - LilyBBS Top10 fetch successful!
2010-11-29 21:17:44.526793 - LilyBBS Top10 fetch successful!
2010-11-29 21:18:49.700572 - LilyBBS Top10 fetch successful!
2010-11-29 21:18:51.231502 - source: LilyBBS TOP10
                             title:  [LSCMA]南京高校物流协会齐聚南京大学工程管理学院
2010-11-29 21:24:03.911768 - LilyBBS Top10 fetch successful!
2010-11-29 21:24:06.035910 - source: LilyBBS TOP10
                             title:  [LSCMA]南京高校物流协会齐聚南京大学工程管理学院
2010-11-29 21:24:07.285119 - LilyBBS TOP10 - a new post to wordpress
2010-11-29 21:24:12.038732 - LilyBBS TOP10 - a new post to renren
2010-11-29 21:24:13.859890 - source: LilyBBS TOP10
                             title:  [JobAndWork]原以为拿到了中化江苏的offer，居然这样莫名的被拒了
2010-11-29 21:24:16.794007 - LilyBBS TOP10 - a new post to wordpress
2010-11-29 21:24:25.397686 - LilyBBS TOP10 - a new post to renren
2010-11-29 21:24:26.922977 - source: LilyBBS TOP10
                             title:  [DII]“第舞季”联谊舞会重磅出击！！
2010-11-29 21:24:27.888354 - LilyBBS TOP10 - a new post to wordpress
2010-11-29 21:24:30.993428 - LilyBBS TOP10 - a new post to renren
2010-11-29 21:24:32.901188 - source: LilyBBS TOP10
                             title:  [NJUExpress]大话音乐吧High翻天--四院联合假面舞会
2010-11-29 21:24:36.572128 - LilyBBS TOP10 - a new post to wordpress
2010-11-29 21:24:39.756337 - LilyBBS TOP10 - a new post to renren
2010-11-29 21:24:41.562673 - source: LilyBBS TOP10
                             title:  [Cycling]金练山小记
2010-11-29 21:24:43.982385 - LilyBBS TOP10 - a new post to wordpress
2010-11-29 21:24:46.372221 - LilyBBS TOP10 - a new post to renren
2010-11-29 21:24:47.968653 - source: LilyBBS TOP10
                             title:  [WorldFootball]意甲-斯坦科维奇帽子戏法克雷斯波2球 国米5-2胜
2010-11-29 21:24:49.515407 - LilyBBS TOP10 - a new post to wordpress
2010-11-29 21:24:53.197207 - LilyBBS TOP10 - a new post to renren
2010-11-29 21:24:56.986361 - source: LilyBBS TOP10
                             title:  [S_Law]【法院研会】“职场人生”之无领导小组面试训练营活动
2010-11-29 21:24:59.024717 - LilyBBS TOP10 - a new post to wordpress
2010-11-29 21:25:04.428855 - LilyBBS TOP10 - a new post to renren
2010-11-29 21:28:21.403293 - LilyBBS Top10 fetch successful!
2010-11-29 21:30:33.488290 - LilyBBS Top10 fetch successful!
2010-11-29 22:00:08.778558 - LilyBBS Events fetch successful!
2010-11-29 22:00:21.359358 - jiaowu fetch successful!
2010-11-29 22:00:08.861930 - LilyBBS Top10 fetch successful!
2010-11-29 22:00:10.778148 - source: LilyBBS TOP10
                             title:  [Pictures]测试:你是三国杀中的哪个人物?
2010-11-29 22:00:14.088417 - LilyBBS TOP10 - a new post to wordpress
2010-11-29 22:00:27.985416 - LilyBBS TOP10 - a new post to renren
2010-11-29 22:00:29.370194 - source: LilyBBS TOP10
                             title:  [D_EarthScience]【贺】我院首夺研究生羽毛球团体冠军
2010-11-29 22:00:31.640529 - LilyBBS TOP10 - a new post to wordpress
2010-11-29 22:00:34.284413 - LilyBBS TOP10 - a new post to renren
2010-11-29 22:00:35.683159 - source: LilyBBS TOP10
                             title:  [JobAndWork]原以为拿到了中化江苏的offer，居然这样莫名的被拒了
2010-11-29 22:00:37.438961 - LilyBBS TOP10 - a new post to wordpress
2010-11-29 22:00:41.455430 - LilyBBS TOP10 - a new post to renren
2010-11-29 22:00:42.847437 - source: LilyBBS TOP10
                             title:  [LSCMA]南京高校物流协会齐聚南京大学工程管理学院
2010-11-29 22:00:49.960096 - LilyBBS TOP10 - a new post to wordpress
2010-11-29 22:00:52.633321 - LilyBBS TOP10 - a new post to renren
2010-11-29 22:00:54.238596 - source: LilyBBS TOP10
                             title:  [DII]“第舞季”联谊舞会重磅出击！！
2010-11-29 22:00:55.246511 - LilyBBS TOP10 - a new post to wordpress
2010-11-29 22:00:58.803328 - LilyBBS TOP10 - a new post to renren
2010-11-29 22:01:00.185210 - source: LilyBBS TOP10
                             title:  [NJUExpress]大话音乐吧High翻天--四院联合假面舞会
2010-11-29 22:01:01.173534 - LilyBBS TOP10 - a new post to wordpress
2010-11-29 22:01:04.627138 - LilyBBS TOP10 - a new post to renren
2010-11-29 22:01:06.365452 - source: LilyBBS TOP10
                             title:  [Cycling]金练山小记
2010-11-29 22:01:07.441576 - LilyBBS TOP10 - a new post to wordpress
2010-11-29 22:01:10.341141 - LilyBBS TOP10 - a new post to renren
2010-11-29 22:01:11.874409 - source: LilyBBS TOP10
                             title:  [S_Law]【法院研会】“职场人生”之无领导小组面试训练营活动
2010-11-29 22:01:12.971952 - LilyBBS TOP10 - a new post to wordpress
2010-11-29 22:01:16.318718 - LilyBBS TOP10 - a new post to renren
2010-11-29 22:01:17.812990 - source: LilyBBS TOP10
                             title:  [Girls]米国遭遇白人GG的搭讪
2010-11-29 22:01:19.041067 - LilyBBS TOP10 - a new post to wordpress
2010-11-29 22:01:24.474858 - LilyBBS TOP10 - a new post to renren
2010-11-29 22:01:25.870425 - source: LilyBBS TOP10
                             title:  [Abroad]Google飞越重洋街景总动员-----我猜我猜我猜猜
2010-11-29 22:01:26.891863 - LilyBBS TOP10 - a new post to wordpress
2010-11-29 22:01:31.870273 - LilyBBS TOP10 - a new post to renren
2010-11-29 22:40:48.066785 - LilyBBS Top10 fetch successful!
2010-11-29 22:40:55.873979 - source: LilyBBS TOP10
                             title:  [S_LifeScience]【生科院罩着你】迎新晚会・照片发布
2010-11-29 22:41:01.421618 - LilyBBS TOP10 - a new post to wordpress
2010-11-29 22:41:06.280940 - LilyBBS TOP10 - a new post to renren
2010-11-29 23:00:02.885300 - LilyBBS Events fetch successful!
2010-11-29 23:00:02.906414 - LilyBBS Top10 fetch successful!
2010-11-29 23:00:11.055604 - jiaowu fetch successful!
2010-11-29 23:50:17.547284 - LilyBBS Top10 fetch successful!
2010-11-29 23:50:19.485408 - source: LilyBBS TOP10
                             title:  [Pictures]幸福的开始--期待已久的婚礼照出炉！！！
2010-11-29 23:50:21.436163 - LilyBBS TOP10 - a new post to wordpress
2010-11-29 23:50:26.047943 - LilyBBS TOP10 - a new post to renren
2010-11-29 23:50:27.034360 - source: LilyBBS TOP10
                             title:  [Abroad]【GC街景】美国大峡谷&拉斯维加斯
2010-11-29 23:50:28.919636 - LilyBBS TOP10 - a new post to wordpress
2010-11-29 23:50:31.248728 - LilyBBS TOP10 - a new post to renren
2010-11-29 23:50:32.235517 - source: LilyBBS TOP10
                             title:  [Girls]mm太色了，怎么办？
2010-11-29 23:50:33.179951 - LilyBBS TOP10 - a new post to wordpress
2010-11-29 23:50:35.059480 - LilyBBS TOP10 - a new post to renren
2010-11-29 23:50:42.993325 - LilyBBS Top10 fetch successful!
2010-11-30 00:00:02.602206 - LilyBBS Events fetch successful!
2010-11-30 00:00:04.480644 - jiaowu fetch successful!
2010-11-30 00:05:02.079085 - LilyBBS Top10 fetch successful!
2010-11-30 00:05:03.088628 - source: LilyBBS TOP10
                             title:  [S_LifeScience]怒放的生命――生科院2010迎新晚会
2010-11-30 00:05:04.671731 - LilyBBS TOP10 - a new post to wordpress
2010-11-30 00:05:08.403143 - LilyBBS TOP10 - a new post to renren
2010-11-30 00:20:17.583546 - LilyBBS Top10 fetch successful!
2010-11-30 00:35:02.214018 - LilyBBS Top10 fetch successful!
2010-11-30 00:35:04.220174 - source: LilyBBS TOP10
                             title:  [Pictures][转载]悲剧的房奴!!!
2010-11-30 00:35:06.095892 - LilyBBS TOP10 - a new post to wordpress
2010-11-30 00:35:10.423272 - LilyBBS TOP10 - a new post to renren
2010-11-30 00:50:02.206397 - LilyBBS Top10 fetch successful!
2010-11-30 01:00:02.420142 - LilyBBS Events fetch successful!
2010-11-30 01:00:03.991328 - jiaowu fetch successful!
2010-11-30 01:05:02.630899 - LilyBBS Top10 fetch successful!
2010-11-30 01:05:03.652866 - source: LilyBBS TOP10
                             title:  [WorldFootball]个人感觉版上的球迷势力
2010-11-30 01:05:05.732110 - LilyBBS TOP10 - a new post to wordpress
2010-11-30 01:05:08.566503 - LilyBBS TOP10 - a new post to renren
2010-11-30 01:20:02.773429 - LilyBBS Top10 fetch successful!
2010-11-30 01:35:01.694926 - LilyBBS Top10 fetch successful!
2010-11-30 01:50:03.302716 - LilyBBS Top10 fetch successful!
2010-11-30 02:00:03.878876 - LilyBBS Events fetch successful!
2010-11-30 02:00:04.648992 - jiaowu fetch successful!
2010-11-30 02:05:02.868182 - LilyBBS Top10 fetch successful!
2010-11-30 02:20:02.725678 - LilyBBS Top10 fetch successful!
2010-11-30 02:35:02.025962 - LilyBBS Top10 fetch successful!
2010-11-30 02:50:02.148173 - LilyBBS Top10 fetch successful!
2010-11-30 03:00:02.264090 - LilyBBS Events fetch successful!
2010-11-30 03:00:03.718690 - jiaowu fetch successful!
2010-11-30 03:05:02.530236 - LilyBBS Top10 fetch successful!
2010-11-30 03:20:02.399368 - LilyBBS Top10 fetch successful!
2010-11-30 03:35:02.514174 - LilyBBS Top10 fetch successful!
2010-11-30 03:50:01.899151 - LilyBBS Top10 fetch successful!
2010-11-30 04:00:02.021038 - LilyBBS Events fetch successful!
2010-11-30 04:00:03.584871 - jiaowu fetch successful!
2010-11-30 04:05:02.421572 - LilyBBS Top10 fetch successful!
2010-11-30 04:20:02.545812 - LilyBBS Top10 fetch successful!
2010-11-30 04:35:01.844841 - LilyBBS Top10 fetch successful!
2010-11-30 04:50:02.619177 - LilyBBS Top10 fetch successful!
2010-11-30 05:00:01.608646 - LilyBBS Events fetch successful!
2010-11-30 05:00:02.930871 - jiaowu fetch successful!
2010-11-30 05:05:02.410372 - LilyBBS Top10 fetch successful!
2010-11-30 05:20:01.815705 - LilyBBS Top10 fetch successful!
2010-11-30 05:35:02.399640 - LilyBBS Top10 fetch successful!
2010-11-30 05:50:02.493469 - LilyBBS Top10 fetch successful!
2010-11-30 06:00:02.651011 - LilyBBS Events fetch successful!
2010-11-30 06:00:04.557159 - jiaowu fetch successful!
2010-11-30 06:05:01.901511 - LilyBBS Top10 fetch successful!
2010-11-30 06:05:03.248119 - source: LilyBBS TOP10
                             title:  [WorldFootball]西甲-比利亚两球梅西2助攻 巴萨5比0完胜皇马
2010-11-30 06:05:04.774402 - LilyBBS TOP10 - a new post to wordpress
2010-11-30 06:05:07.459654 - LilyBBS TOP10 - a new post to renren
2010-11-30 06:20:01.710892 - LilyBBS Top10 fetch successful!
2010-11-30 06:35:02.146104 - LilyBBS Top10 fetch successful!
2010-11-30 06:50:02.860693 - LilyBBS Top10 fetch successful!
2010-11-30 07:00:01.929149 - LilyBBS Events fetch successful!
2010-11-30 07:00:03.506091 - jiaowu fetch successful!
2010-11-30 07:05:02.708472 - LilyBBS Top10 fetch successful!
2010-11-30 07:20:02.500066 - LilyBBS Top10 fetch successful!
2010-11-30 07:35:02.270966 - LilyBBS Top10 fetch successful!
2010-11-30 07:50:01.773663 - LilyBBS Top10 fetch successful!
2010-11-30 08:00:02.504405 - LilyBBS Events fetch successful!
2010-11-30 08:00:04.159069 - jiaowu fetch successful!
2010-11-30 08:05:02.239949 - LilyBBS Top10 fetch successful!
2010-11-30 08:20:02.664005 - LilyBBS Top10 fetch successful!
2010-11-30 08:35:02.005506 - LilyBBS Top10 fetch successful!
2010-11-30 08:50:03.660531 - LilyBBS Top10 fetch successful!
2010-11-30 09:00:02.723458 - LilyBBS Events fetch successful!
2010-11-30 09:00:04.156686 - jiaowu fetch successful!
2010-11-30 09:05:02.517932 - LilyBBS Top10 fetch successful!
2010-11-30 09:20:01.970720 - LilyBBS Top10 fetch successful!
2010-11-30 09:35:03.108676 - LilyBBS Top10 fetch successful!
2010-11-30 09:50:02.472402 - LilyBBS Top10 fetch successful!
2010-11-30 10:00:06.540724 - LilyBBS Events fetch successful!
2010-11-30 10:00:08.104064 - jiaowu fetch successful!
2010-11-30 10:05:03.303225 - LilyBBS Top10 fetch successful!
2010-11-30 10:20:02.417612 - LilyBBS Top10 fetch successful!
2010-11-30 10:35:02.220217 - LilyBBS Top10 fetch successful!
2010-11-30 10:50:02.423143 - LilyBBS Top10 fetch successful!
2010-11-30 11:00:03.505646 - LilyBBS Events fetch successful!
2010-11-30 11:00:04.983179 - jiaowu fetch successful!
2010-11-30 11:05:02.128833 - LilyBBS Top10 fetch successful!
2010-11-30 11:05:03.400839 - source: LilyBBS TOP10
                             title:  [Girls]gf 老是逼着我结婚 版友出出主意 高手指教
2010-11-30 11:05:04.867505 - LilyBBS TOP10 - a new post to wordpress
2010-11-30 11:05:09.104262 - LilyBBS TOP10 - a new post to renren
2010-11-30 11:20:02.292306 - LilyBBS Top10 fetch successful!
2010-11-30 11:35:02.540652 - LilyBBS Top10 fetch successful!
2010-11-30 11:50:02.241704 - LilyBBS Top10 fetch successful!
2010-11-30 12:00:04.053856 - jiaowu fetch successful!
2010-11-30 12:00:02.745166 - LilyBBS Events fetch successful!
2010-11-30 12:00:06.363343 - source: LilyBBS Events
                             title:  【我的大学我的家】美食烹饪大赛等你参加！ 
2010-11-30 12:00:08.987711 - LilyBBS Events - a new post to wordpress
2010-11-30 12:00:11.100388 - LilyBBS Events - a new post to renren
2010-11-30 12:05:02.077708 - LilyBBS Top10 fetch successful!
2010-11-30 12:20:02.301115 - LilyBBS Top10 fetch successful!
2010-11-30 12:35:01.932174 - LilyBBS Top10 fetch successful!
2010-11-30 12:35:03.538080 - source: LilyBBS TOP10
                             title:  [Girls]你伤感个毛！轮得到你么？
2010-11-30 12:35:05.725185 - LilyBBS TOP10 - a new post to wordpress
2010-11-30 12:35:07.924421 - LilyBBS TOP10 - a new post to renren
2010-11-30 12:35:09.263129 - source: LilyBBS TOP10
                             title:  [FOOD]今日晚餐：西红柿炖牛腩
2010-11-30 12:35:12.315843 - LilyBBS TOP10 - a new post to wordpress
2010-11-30 12:35:13.223291 - LilyBBS TOP10 - a new post to renren
2010-11-30 12:35:14.287507 - source: LilyBBS TOP10
                             title:  [Girls]GG太胖 如何督促其减肥又不伤害其自尊
2010-11-30 12:35:16.024972 - LilyBBS TOP10 - a new post to wordpress
2010-11-30 12:35:16.998871 - LilyBBS TOP10 - a new post to renren
2010-11-30 12:50:18.246543 - LilyBBS Top10 fetch successful!
2010-11-30 13:00:20.254363 - LilyBBS Events fetch successful!
2010-11-30 13:00:21.896568 - jiaowu fetch successful!
2010-11-30 13:05:03.016711 - LilyBBS Top10 fetch successful!
2010-11-30 13:20:06.545097 - LilyBBS Top10 fetch successful!
2010-11-30 13:35:02.672946 - LilyBBS Top10 fetch successful!
2010-11-30 13:50:01.799357 - LilyBBS Top10 fetch successful!
2010-11-30 14:00:02.750065 - LilyBBS Events fetch successful!
2010-11-30 14:00:04.372297 - jiaowu fetch successful!
2010-11-30 14:05:04.917134 - LilyBBS Top10 fetch successful!
2010-11-30 14:05:07.045509 - source: LilyBBS TOP10
                             title:  [FOOD]杯具求助，这是什么水果
2010-11-30 14:05:10.694391 - LilyBBS TOP10 - a new post to wordpress
2010-11-30 14:05:13.316600 - LilyBBS TOP10 - a new post to renren
2010-11-30 14:20:02.739668 - LilyBBS Top10 fetch successful!
2010-11-30 14:35:01.999762 - LilyBBS Top10 fetch successful!
2010-11-30 14:50:02.784688 - LilyBBS Top10 fetch successful!
2010-11-30 15:00:01.482330 - LilyBBS Events fetch successful!
2010-11-30 15:00:06.704444 - jiaowu fetch successful!
2010-11-30 15:00:07.956824 - source: jiaowu
                             title:  【国际交流】加州大学戴维斯分校自费项目
2010-11-30 15:00:10.306651 - Jiaowu News - a new post to wordpress
2010-11-30 15:00:12.661649 - Jiaowu News - a new post to renren
2010-11-30 15:05:02.185590 - LilyBBS Top10 fetch successful!
2010-11-30 15:20:02.145954 - LilyBBS Top10 fetch successful!
2010-11-30 15:35:02.146304 - LilyBBS Top10 fetch successful!
2010-11-30 15:35:03.169772 - source: LilyBBS TOP10
                             title:  [Girls]我舍不得，可是，时间已经回不去了。
2010-11-30 15:35:06.403859 - LilyBBS TOP10 - a new post to wordpress
2010-11-30 15:35:09.095214 - LilyBBS TOP10 - a new post to renren
2010-11-30 15:50:02.082456 - LilyBBS Top10 fetch successful!
2010-11-30 16:00:02.430096 - LilyBBS Events fetch successful!
2010-11-30 16:00:03.684733 - jiaowu fetch successful!
2010-11-30 16:05:02.575023 - LilyBBS Top10 fetch successful!
2010-11-30 16:05:03.602755 - source: LilyBBS TOP10
                             title:  [S_Chemistry]*【贺】*院系杯羽球赛花园复兴之战（多图）
2010-11-30 16:05:05.859618 - LilyBBS TOP10 - a new post to wordpress
2010-11-30 16:05:08.225478 - LilyBBS TOP10 - a new post to renren
2010-11-30 16:20:01.950599 - LilyBBS Top10 fetch successful!
2010-11-30 16:35:03.474465 - LilyBBS Top10 fetch successful!
2010-11-30 16:35:04.871329 - source: LilyBBS TOP10
                             title:  [FOOD]杯具求助，这是什么水果
2010-11-30 16:35:06.848461 - LilyBBS TOP10 - a new post to wordpress
2010-11-30 16:35:08.717176 - LilyBBS TOP10 - a new post to renren
2010-11-30 16:50:02.184524 - LilyBBS Top10 fetch successful!
2010-11-30 17:00:03.382250 - LilyBBS Events fetch successful!
2010-11-30 17:00:05.048572 - jiaowu fetch successful!
2010-11-30 17:05:02.089864 - LilyBBS Top10 fetch successful!
2010-11-30 17:05:03.284965 - source: LilyBBS TOP10
                             title:  [Girls]1米7以下的男生是不是都没市场啊
2010-11-30 17:05:06.971735 - LilyBBS TOP10 - a new post to wordpress
2010-11-30 17:05:11.142507 - LilyBBS TOP10 - a new post to renren
2010-11-30 17:20:02.447518 - LilyBBS Top10 fetch successful!
2010-11-30 17:35:02.750209 - LilyBBS Top10 fetch successful!
2010-11-30 17:35:03.775672 - source: LilyBBS TOP10
                             title:  [Pictures]目前中国不具备这个经济实力!----是真的吗？
2010-11-30 17:35:08.245702 - LilyBBS TOP10 - a new post to wordpress
2010-11-30 17:35:10.392058 - LilyBBS TOP10 - a new post to renren
2010-11-30 17:35:11.388771 - source: LilyBBS TOP10
                             title:  [WorldFootball]不用拿梅西摔倒说事！
2010-11-30 17:35:12.355468 - LilyBBS TOP10 - a new post to wordpress
2010-11-30 17:35:13.298789 - LilyBBS TOP10 - a new post to renren
2010-11-30 17:50:02.537011 - LilyBBS Top10 fetch successful!
2010-11-30 18:00:02.908804 - LilyBBS Events fetch successful!
2010-11-30 18:00:04.098075 - jiaowu fetch successful!
2010-11-30 18:05:04.198341 - LilyBBS Top10 fetch successful!
2010-11-30 18:20:02.672743 - LilyBBS Top10 fetch successful!
2010-11-30 18:35:02.023549 - LilyBBS Top10 fetch successful!
2010-11-30 18:50:02.462528 - LilyBBS Top10 fetch successful!
2010-11-30 19:00:02.600551 - LilyBBS Events fetch successful!
2010-11-30 19:00:05.077482 - jiaowu fetch successful!
2010-11-30 19:05:02.297483 - LilyBBS Top10 fetch successful!
2010-11-30 19:05:06.033963 - source: LilyBBS TOP10
                             title:  [Girls]求助，女生们你们都会遇到这样的问题吗？
2010-11-30 19:05:09.331432 - LilyBBS TOP10 - a new post to wordpress
2010-11-30 19:05:14.577970 - LilyBBS TOP10 - a new post to renren
2010-11-30 19:20:01.986924 - LilyBBS Top10 fetch successful!
2010-11-30 19:35:02.869058 - LilyBBS Top10 fetch successful!
2010-11-30 19:35:04.507294 - source: LilyBBS TOP10
                             title:  [NJUExpress]这年头居然还有食堂的忠实粉丝
2010-11-30 19:35:05.867200 - LilyBBS TOP10 - a new post to wordpress
2010-11-30 19:35:08.049231 - LilyBBS TOP10 - a new post to renren
2010-11-30 19:50:03.939225 - LilyBBS Top10 fetch successful!
2010-11-30 20:00:04.215644 - LilyBBS Events fetch successful!
2010-11-30 20:00:05.799916 - jiaowu fetch successful!
2010-11-30 20:05:02.828412 - LilyBBS Top10 fetch successful!
2010-11-30 20:05:04.661651 - source: LilyBBS TOP10
                             title:  [BodilyForm]自曝一张算不算原创呢？（禁止转载）
2010-11-30 20:05:05.930716 - LilyBBS TOP10 - a new post to wordpress
2010-11-30 20:05:08.227196 - LilyBBS TOP10 - a new post to renren
2010-11-30 20:20:11.284127 - LilyBBS Top10 fetch successful!
2010-11-30 20:35:02.768408 - LilyBBS Top10 fetch successful!
2010-11-30 20:50:03.186151 - LilyBBS Top10 fetch successful!
2010-11-30 21:00:03.161124 - LilyBBS Events fetch successful!
2010-11-30 21:00:05.016422 - jiaowu fetch successful!
2010-11-30 21:05:02.327408 - LilyBBS Top10 fetch successful!
2010-11-30 21:05:07.070322 - source: LilyBBS TOP10
                             title:  [Girls]其实就是配不上的问题
2010-11-30 21:05:10.720775 - LilyBBS TOP10 - a new post to wordpress
2010-11-30 21:05:13.704455 - LilyBBS TOP10 - a new post to renren
2010-11-30 21:05:15.109571 - source: LilyBBS TOP10
                             title:  [Abroad]【GC街景有奖竞猜】回帖参与竞猜即有奖
2010-11-30 21:05:17.363874 - LilyBBS TOP10 - a new post to wordpress
2010-11-30 21:05:18.561480 - LilyBBS TOP10 - a new post to renren
2010-11-30 21:20:02.463897 - LilyBBS Top10 fetch successful!
2010-11-30 21:35:02.646858 - LilyBBS Top10 fetch successful!
2010-11-30 21:35:04.060378 - source: LilyBBS TOP10
                             title:  [Pictures]如果中国有人这样，会不会被骂汉奸？
2010-11-30 21:35:07.132155 - LilyBBS TOP10 - a new post to wordpress
2010-11-30 21:35:10.934536 - LilyBBS TOP10 - a new post to renren
2010-11-30 21:50:31.425538 - LilyBBS Top10 fetch successful!
2010-11-30 22:00:04.651923 - jiaowu fetch successful!
2010-11-30 22:00:05.224000 - LilyBBS Events fetch successful!
2010-11-30 22:05:02.069867 - LilyBBS Top10 fetch successful!
2010-11-30 22:05:04.486384 - source: LilyBBS TOP10
                             title:  [S_Law]南京大学法学院研究生团总支“家庭法律顾问进社区”
2010-11-30 22:05:14.518437 - LilyBBS TOP10 - a new post to wordpress
2010-11-30 22:05:17.806105 - LilyBBS TOP10 - a new post to renren
2010-11-30 22:20:02.651641 - LilyBBS Top10 fetch successful!
2010-11-30 22:35:18.165217 - LilyBBS TOP10 fetch error!
2010-11-30 22:50:52.778352 - LilyBBS TOP10 fetch error!
2010-11-30 23:00:13.474419 - LilyBBS Events fetch successful!
2010-11-30 23:00:15.006420 - jiaowu fetch successful!
2010-11-30 23:05:02.447316 - LilyBBS TOP10 fetch error!
2010-11-30 23:20:02.271498 - LilyBBS TOP10 fetch error!
2010-11-30 23:35:08.927719 - LilyBBS TOP10 fetch error!
2010-11-30 23:47:11.117797 - LilyBBS TOP10 fetch error!
2010-11-30 23:50:02.046978 - LilyBBS TOP10 fetch error!
2010-12-01 00:00:05.336462 - jiaowu fetch successful!
2010-12-01 00:00:05.379853 - LilyBBS Events fetch successful!
2010-12-01 00:05:03.436075 - LilyBBS TOP10 fetch error!
2010-12-01 00:20:02.450816 - LilyBBS TOP10 fetch error!
2010-12-01 00:35:01.993782 - LilyBBS TOP10 fetch error!
2010-12-01 00:49:42.246361 - LilyBBS Top10 fetch successful!
2010-12-01 00:49:43.414895 - source: LilyBBS TOP10
                             title:  [Pictures]揭黒！有被汉口路衣虫坊宰过的的吗？
2010-12-01 00:49:45.937072 - LilyBBS TOP10 - a new post to wordpress
2010-12-01 00:49:48.337022 - LilyBBS TOP10 - a new post to renren
2010-12-01 00:49:49.330333 - source: LilyBBS TOP10
                             title:  [Cycling]皖南塔川，我们来过~
2010-12-01 00:49:52.418128 - LilyBBS TOP10 - a new post to wordpress
2010-12-01 00:49:53.476031 - LilyBBS TOP10 - a new post to renren
2010-12-01 00:49:54.474394 - source: LilyBBS TOP10
                             title:  [FOOD]【哆啦饼干】
2010-12-01 00:49:55.608436 - LilyBBS TOP10 - a new post to wordpress
2010-12-01 00:49:56.490510 - LilyBBS TOP10 - a new post to renren
2010-12-01 00:50:02.755526 - LilyBBS Top10 fetch successful!
2010-12-01 01:00:01.898793 - LilyBBS Events fetch successful!
2010-12-01 01:00:03.770110 - jiaowu fetch successful!
2010-12-01 01:05:02.464890 - LilyBBS Top10 fetch successful!
2010-12-01 01:20:03.288644 - LilyBBS Top10 fetch successful!
2010-12-01 01:35:01.900506 - LilyBBS Top10 fetch successful!
2010-12-01 01:50:02.353308 - LilyBBS Top10 fetch successful!
2010-12-01 02:00:02.971428 - LilyBBS Events fetch successful!
2010-12-01 02:00:04.426831 - jiaowu fetch successful!
2010-12-01 02:05:04.150211 - LilyBBS Top10 fetch successful!
2010-12-01 02:20:11.270383 - LilyBBS Top10 fetch successful!
2010-12-01 02:35:02.280284 - LilyBBS Top10 fetch successful!
2010-12-01 02:50:02.448893 - LilyBBS Top10 fetch successful!
2010-12-01 03:00:01.724898 - LilyBBS Events fetch successful!
2010-12-01 03:00:03.672412 - jiaowu fetch successful!
2010-12-01 03:05:02.508442 - LilyBBS Top10 fetch successful!
2010-12-01 03:20:02.336987 - LilyBBS Top10 fetch successful!
2010-12-01 03:35:02.492970 - LilyBBS Top10 fetch successful!
2010-12-01 03:50:03.249680 - LilyBBS Top10 fetch successful!
2010-12-01 04:00:01.847057 - LilyBBS Events fetch successful!
2010-12-01 04:00:03.337358 - jiaowu fetch successful!
2010-12-01 04:05:02.700622 - LilyBBS Top10 fetch successful!
2010-12-01 04:20:03.260498 - LilyBBS Top10 fetch successful!
2010-12-01 04:35:02.040697 - LilyBBS Top10 fetch successful!
2010-12-01 04:50:01.803266 - LilyBBS Top10 fetch successful!
2010-12-01 05:00:02.134368 - LilyBBS Events fetch successful!
2010-12-01 05:00:03.715868 - jiaowu fetch successful!
2010-12-01 05:05:01.972406 - LilyBBS Top10 fetch successful!
2010-12-01 05:20:01.921961 - LilyBBS Top10 fetch successful!
2010-12-01 05:35:03.402464 - LilyBBS Top10 fetch successful!
2010-12-01 05:50:02.251458 - LilyBBS Top10 fetch successful!
2010-12-01 06:00:01.595221 - LilyBBS Events fetch successful!
2010-12-01 06:00:02.931866 - jiaowu fetch successful!
2010-12-01 06:05:02.575057 - LilyBBS Top10 fetch successful!
2010-12-01 06:05:05.824258 - source: LilyBBS TOP10
                             title:  [WorldFootball]巴塞罗那
2010-12-01 06:05:12.197376 - LilyBBS TOP10 - a new post to wordpress
2010-12-01 06:05:14.239032 - LilyBBS TOP10 - a new post to renren
2010-12-01 06:20:02.413946 - LilyBBS Top10 fetch successful!
2010-12-01 06:35:02.157064 - LilyBBS Top10 fetch successful!
2010-12-01 06:50:01.849659 - LilyBBS Top10 fetch successful!
2010-12-01 07:00:02.233855 - LilyBBS Events fetch successful!
2010-12-01 07:00:03.942346 - jiaowu fetch successful!
2010-12-01 07:05:03.136564 - LilyBBS Top10 fetch successful!
2010-12-01 07:20:02.092851 - LilyBBS Top10 fetch successful!
2010-12-01 07:35:03.191275 - LilyBBS Top10 fetch successful!
2010-12-01 07:50:02.420628 - LilyBBS Top10 fetch successful!
2010-12-01 08:00:02.884934 - LilyBBS Events fetch successful!
2010-12-01 08:00:04.484891 - jiaowu fetch successful!
2010-12-01 08:05:02.798131 - LilyBBS Top10 fetch successful!
2010-12-01 08:20:01.902738 - LilyBBS Top10 fetch successful!
2010-12-01 08:35:01.980433 - LilyBBS Top10 fetch successful!
2010-12-01 08:50:03.460761 - LilyBBS Top10 fetch successful!
2010-12-01 09:00:02.572756 - LilyBBS Events fetch successful!
2010-12-01 09:00:04.459864 - jiaowu fetch successful!
2010-12-01 09:05:02.838432 - LilyBBS Top10 fetch successful!
2010-12-01 09:20:02.001069 - LilyBBS Top10 fetch successful!
2010-12-01 09:35:02.269200 - LilyBBS Top10 fetch successful!
2010-12-01 09:50:38.980334 - LilyBBS Top10 fetch successful!
2010-12-01 10:00:06.843836 - LilyBBS Events fetch successful!
2010-12-01 10:00:09.342661 - jiaowu fetch successful!
2010-12-01 10:05:03.004060 - LilyBBS Top10 fetch successful!
2010-12-01 10:05:04.385790 - source: LilyBBS TOP10
                             title:  [Girls]遇到一SB舍友，赚翻了！！！！
2010-12-01 10:05:06.487709 - LilyBBS TOP10 - a new post to wordpress
2010-12-01 10:05:08.571632 - LilyBBS TOP10 - a new post to renren
2010-12-01 10:20:01.997696 - LilyBBS Top10 fetch successful!
2010-12-01 10:35:02.665096 - LilyBBS Top10 fetch successful!
2010-12-01 10:35:03.842291 - source: LilyBBS TOP10
                             title:  [S_Chemistry]王晶会老董欢声共笑语，苹果当狗仔偷拍加自曝
2010-12-01 10:35:07.406076 - LilyBBS TOP10 - a new post to wordpress
2010-12-01 10:35:09.513233 - LilyBBS TOP10 - a new post to renren
2010-12-01 10:50:01.955181 - LilyBBS Top10 fetch successful!
2010-12-01 10:50:03.146823 - source: LilyBBS TOP10
                             title:  [JobAndWork]买房视角下的薪水水平问题
2010-12-01 10:50:04.554236 - LilyBBS TOP10 - a new post to wordpress
2010-12-01 10:50:06.181801 - LilyBBS TOP10 - a new post to renren
2010-12-01 11:00:02.437432 - LilyBBS Events fetch successful!
2010-12-01 11:00:04.628090 - jiaowu fetch successful!
2010-12-01 11:00:05.812390 - source: jiaowu
                             title:  向各位老师征集2011年南京大学大学生创新训练计划项目课题
2010-12-01 11:00:09.304342 - Jiaowu News - a new post to wordpress
2010-12-01 11:00:11.363884 - Jiaowu News - a new post to renren
2010-12-01 11:05:02.403156 - LilyBBS Top10 fetch successful!
2010-12-01 11:05:03.669496 - source: LilyBBS TOP10
                             title:  [Abroad]【GC街景】Univ of Southern California
2010-12-01 11:05:06.729648 - LilyBBS TOP10 - a new post to wordpress
2010-12-01 11:05:07.842563 - LilyBBS TOP10 - a new post to renren
2010-12-01 11:20:02.237220 - LilyBBS Top10 fetch successful!
2010-12-01 11:35:01.767110 - LilyBBS Top10 fetch successful!
2010-12-01 11:35:02.777373 - source: LilyBBS TOP10
                             title:  [S_Chemistry]王晶会老董欢声共笑语，苹果当狗仔偷拍加自曝
2010-12-01 11:35:04.144601 - LilyBBS TOP10 - a new post to wordpress
2010-12-01 11:35:06.110030 - LilyBBS TOP10 - a new post to renren
2010-12-01 11:50:02.900944 - LilyBBS Top10 fetch successful!
2010-12-01 12:00:01.808780 - LilyBBS Events fetch successful!
2010-12-01 12:00:03.469383 - jiaowu fetch successful!
2010-12-01 12:05:02.332731 - LilyBBS Top10 fetch successful!
2010-12-01 12:20:02.268731 - LilyBBS Top10 fetch successful!
2010-12-01 12:35:02.506458 - LilyBBS Top10 fetch successful!
2010-12-01 12:50:07.787793 - LilyBBS Top10 fetch successful!
2010-12-01 13:00:06.123796 - LilyBBS Events fetch successful!
2010-12-01 13:00:08.249989 - jiaowu fetch successful!
2010-12-01 13:05:04.494393 - LilyBBS Top10 fetch successful!
2010-12-01 13:20:14.248457 - LilyBBS Top10 fetch successful!
2010-12-01 13:35:05.193314 - LilyBBS Top10 fetch successful!
2010-12-01 13:35:06.380880 - source: LilyBBS TOP10
                             title:  [Movies]求推荐最爱的电影
2010-12-01 13:35:08.045225 - LilyBBS TOP10 - a new post to wordpress
2010-12-01 13:35:10.725487 - LilyBBS TOP10 - a new post to renren
2010-12-01 13:50:02.275927 - LilyBBS Top10 fetch successful!
2010-12-01 14:00:02.931843 - LilyBBS Events fetch successful!
2010-12-01 14:00:04.505238 - jiaowu fetch successful!
2010-12-01 14:05:02.036785 - LilyBBS Top10 fetch successful!
2010-12-01 14:20:02.919870 - LilyBBS Top10 fetch successful!
2010-12-01 14:35:02.014105 - LilyBBS Top10 fetch successful!
2010-12-01 14:35:03.031968 - source: LilyBBS TOP10
                             title:  [Girls]释怀了好多
2010-12-01 14:35:04.708781 - LilyBBS TOP10 - a new post to wordpress
2010-12-01 14:35:06.912457 - LilyBBS TOP10 - a new post to renren
2010-12-01 14:35:07.953931 - source: LilyBBS TOP10
                             title:  [Pictures]你若不离不弃，我必生死相依！（38P）
2010-12-01 14:35:11.280664 - LilyBBS TOP10 - a new post to wordpress
2010-12-01 14:35:12.476359 - LilyBBS TOP10 - a new post to renren
2010-12-01 14:50:02.338425 - LilyBBS Top10 fetch successful!
2010-12-01 15:00:02.181778 - LilyBBS Events fetch successful!
2010-12-01 15:00:03.612644 - jiaowu fetch successful!
2010-12-01 15:05:02.441905 - LilyBBS Top10 fetch successful!
2010-12-01 15:20:02.522099 - LilyBBS Top10 fetch successful!
2010-12-01 15:35:02.124585 - LilyBBS Top10 fetch successful!
2010-12-01 15:50:02.650322 - LilyBBS Top10 fetch successful!
2010-12-01 16:00:02.461020 - LilyBBS Events fetch successful!
2010-12-01 16:00:04.058163 - jiaowu fetch successful!
2010-12-01 16:05:02.235896 - LilyBBS Top10 fetch successful!
2010-12-01 16:05:04.164554 - source: LilyBBS TOP10
                             title:  [WorldFootball]勇敢的心
2010-12-01 16:14:38.649221 - LilyBBS Top10 fetch successful!
2010-12-01 16:14:39.695612 - source: LilyBBS TOP10
                             title:  [WorldFootball]勇敢的心
2010-12-01 16:16:15.765292 - LilyBBS Top10 fetch successful!
2010-12-01 16:16:16.917534 - source: LilyBBS TOP10
                             title:  [WorldFootball]勇敢的心
2010-12-01 16:16:18.247985 - LilyBBS TOP10 - a new post to wordpress
2010-12-01 16:16:21.824523 - LilyBBS TOP10 - a new post to renren
2010-12-01 16:16:22.550393 - LilyBBS TOP10 - a new microblog to sina
2010-12-01 16:20:01.831347 - LilyBBS Top10 fetch successful!
2010-12-01 16:35:02.045512 - LilyBBS Top10 fetch successful!
2010-12-01 16:50:02.239524 - LilyBBS Top10 fetch successful!
2010-12-01 17:00:01.722177 - LilyBBS Events fetch successful!
2010-12-01 17:00:03.699412 - jiaowu fetch successful!
2010-12-01 17:05:02.605139 - LilyBBS Top10 fetch successful!
2010-12-01 17:05:03.685093 - source: LilyBBS TOP10
                             title:  [NJUExpress]Call for Papers! 《大学生自然科学》征稿！
2010-12-01 17:05:04.752362 - LilyBBS TOP10 - a new post to wordpress
2010-12-01 17:05:07.214306 - LilyBBS TOP10 - a new post to renren
2010-12-01 17:05:08.011827 - LilyBBS TOP10 - a new microblog to sina
2010-12-01 17:05:09.035422 - source: LilyBBS TOP10
                             title:  [JobAndWork]到现在还没有offer，快不能淡定了。。。。。。。。。
2010-12-01 17:05:12.039832 - LilyBBS TOP10 - a new post to wordpress
2010-12-01 17:05:12.997470 - LilyBBS TOP10 - a new post to renren
2010-12-01 17:05:13.618056 - LilyBBS TOP10 - a new microblog to sina
2010-12-01 17:20:02.252920 - LilyBBS Top10 fetch successful!
2010-12-01 17:35:02.065317 - LilyBBS Top10 fetch successful!
2010-12-01 17:35:03.128892 - source: LilyBBS TOP10
                             title:  [WorldFootball]梅西的右手也先掐人了吧？
2010-12-01 17:35:06.623140 - LilyBBS TOP10 - a new post to wordpress
2010-12-01 17:35:08.486497 - LilyBBS TOP10 - a new post to renren
2010-12-01 17:35:09.445652 - LilyBBS TOP10 - a new microblog to sina
2010-12-01 17:50:02.643838 - LilyBBS Top10 fetch successful!
2010-12-01 18:00:02.436147 - LilyBBS Events fetch successful!
2010-12-01 18:00:04.108136 - jiaowu fetch successful!
2010-12-01 18:05:02.330918 - LilyBBS Top10 fetch successful!
2010-12-01 18:20:02.018241 - LilyBBS Top10 fetch successful!
2010-12-01 18:35:02.473920 - LilyBBS Top10 fetch successful!
2010-12-01 18:50:03.205478 - LilyBBS Top10 fetch successful!
2010-12-01 19:00:21.170416 - LilyBBS Events fetch successful!
2010-12-01 19:00:22.805319 - jiaowu fetch successful!
2010-12-01 19:05:02.284793 - LilyBBS Top10 fetch successful!
2010-12-01 19:20:02.186984 - LilyBBS Top10 fetch successful!
2010-12-01 19:35:02.735527 - LilyBBS Top10 fetch successful!
2010-12-01 19:35:04.472694 - source: LilyBBS TOP10
                             title:  [Girls]多管闲事的人来发个牢骚
2010-12-01 19:35:07.486473 - LilyBBS TOP10 - a new post to wordpress
2010-12-01 19:35:10.565134 - LilyBBS TOP10 - a new post to renren
2010-12-01 19:35:11.568255 - LilyBBS TOP10 - a new microblog to sina
2010-12-01 19:50:02.120429 - LilyBBS Top10 fetch successful!
2010-12-01 20:00:11.884576 - LilyBBS Events fetch successful!
2010-12-01 20:00:14.646449 - jiaowu fetch successful!
2010-12-01 20:05:05.729871 - LilyBBS Top10 fetch successful!
2010-12-01 20:20:01.992317 - LilyBBS Top10 fetch successful!
2010-12-01 20:35:10.936685 - LilyBBS Top10 fetch successful!
2010-12-01 20:35:12.540466 - source: LilyBBS TOP10
                             title:  [S_Environment]李老师课题组秋游全纪录新鲜出炉了！！~~多图多pp~~
2010-12-01 20:35:16.394536 - LilyBBS TOP10 - a new post to wordpress
2010-12-01 20:35:19.083588 - LilyBBS TOP10 - a new post to renren
2010-12-01 20:35:20.040979 - LilyBBS TOP10 - a new microblog to sina
2010-12-01 20:50:02.510452 - LilyBBS Top10 fetch successful!
2010-12-01 21:00:03.149407 - LilyBBS Events fetch successful!
2010-12-01 21:00:05.052626 - jiaowu fetch successful!
2010-12-01 21:05:02.660219 - LilyBBS Top10 fetch successful!
2010-12-01 21:05:04.075209 - source: LilyBBS TOP10
                             title:  [Cycling]茶菊古村道 水墨江南岸
2010-12-01 21:05:05.901523 - LilyBBS TOP10 - a new post to wordpress
2010-12-01 21:05:08.563339 - LilyBBS TOP10 - a new post to renren
2010-12-01 21:05:09.462867 - LilyBBS TOP10 - a new microblog to sina
2010-12-01 21:05:10.938831 - source: LilyBBS TOP10
                             title:  [LSCMA]【请置顶】“赢在供应链”创新大赛参观培训通知
2010-12-01 21:05:15.019709 - LilyBBS TOP10 - a new post to wordpress
2010-12-01 21:05:16.217389 - LilyBBS TOP10 - a new post to renren
2010-12-01 21:05:17.466804 - LilyBBS TOP10 - a new microblog to sina
2010-12-01 21:20:03.109657 - LilyBBS Top10 fetch successful!
2010-12-01 21:35:01.946753 - LilyBBS Top10 fetch successful!
2010-12-01 21:35:04.025514 - source: LilyBBS TOP10
                             title:  [Pictures]法网恢恢---致“误拿"我手机的同学
2010-12-01 21:35:05.950629 - LilyBBS TOP10 - a new post to wordpress
2010-12-01 21:35:08.612940 - LilyBBS TOP10 - a new post to renren
2010-12-01 21:35:10.601538 - LilyBBS TOP10 - a new microblog to sina
2010-12-01 21:50:09.326680 - LilyBBS Top10 fetch successful!
2010-12-01 22:00:02.729598 - LilyBBS Events fetch successful!
2010-12-01 22:00:04.468899 - jiaowu fetch successful!
2010-12-01 22:05:02.003962 - LilyBBS Top10 fetch successful!
2010-12-01 22:05:05.098279 - source: LilyBBS TOP10
                             title:  [FOOD]在LA自己做的面食
2010-12-01 22:05:07.104841 - LilyBBS TOP10 - a new post to wordpress
2010-12-01 22:05:12.518210 - LilyBBS TOP10 - a new post to renren
2010-12-01 22:05:18.744756 - LilyBBS TOP10 - a new microblog to sina
2010-12-01 22:20:02.635697 - LilyBBS Top10 fetch successful!
2010-12-01 22:35:02.290639 - LilyBBS Top10 fetch successful!
2010-12-01 22:50:07.207123 - LilyBBS Top10 fetch successful!
2010-12-01 23:00:03.156531 - LilyBBS Events fetch successful!
2010-12-01 23:00:04.362628 - jiaowu fetch successful!
2010-12-01 23:05:02.322399 - LilyBBS Top10 fetch successful!
2010-12-01 23:05:03.645934 - source: LilyBBS TOP10
                             title:  [S_Sociology]什么样的英文简历才能入得了HR们的法眼？
2010-12-01 23:05:20.414557 - LilyBBS TOP10 - a new post to wordpress
2010-12-01 23:05:22.864311 - LilyBBS TOP10 - a new post to renren
2010-12-01 23:05:24.007466 - LilyBBS TOP10 - a new microblog to sina
2010-12-01 23:05:25.102929 - source: LilyBBS TOP10
                             title:  [JobAndWork]We are Njuers  百年南大现风华
2010-12-01 23:05:27.219537 - LilyBBS TOP10 - a new post to wordpress
2010-12-01 23:05:28.376250 - LilyBBS TOP10 - a new post to renren
2010-12-01 23:05:33.154416 - LilyBBS TOP10 - a new microblog to sina
2010-12-01 23:20:44.041402 - LilyBBS Top10 fetch successful!
2010-12-01 23:35:36.107465 - LilyBBS Top10 fetch successful!
2010-12-01 23:35:40.092156 - source: LilyBBS TOP10
                             title:  [Joke]60元的外套
2010-12-01 23:35:46.243823 - LilyBBS TOP10 - a new post to wordpress
2010-12-01 23:36:05.036891 - LilyBBS TOP10 - a new post to renren
2010-12-01 23:36:08.981419 - LilyBBS TOP10 - a new microblog to sina
2010-12-01 23:50:25.926271 - LilyBBS Top10 fetch successful!
2010-12-02 00:00:06.258159 - LilyBBS Events fetch successful!
2010-12-02 00:00:08.309542 - jiaowu fetch successful!
2010-12-02 00:05:02.201220 - LilyBBS Top10 fetch successful!
2010-12-02 00:05:04.400703 - source: LilyBBS TOP10
                             title:  [S_Business]“浦发轻松理财杯”南大商学院第四届师生羽毛球赛
2010-12-02 00:05:08.637924 - LilyBBS TOP10 - a new post to wordpress
2010-12-02 00:05:11.943399 - LilyBBS TOP10 - a new post to renren
2010-12-02 00:05:14.016634 - LilyBBS TOP10 - a new microblog to sina
2010-12-02 00:20:02.568237 - LilyBBS Top10 fetch successful!
2010-12-02 00:35:02.427677 - LilyBBS Top10 fetch successful!
2010-12-02 00:50:02.072128 - LilyBBS Top10 fetch successful!
2010-12-02 01:00:02.116439 - LilyBBS Events fetch successful!
2010-12-02 01:00:03.729306 - jiaowu fetch successful!
2010-12-02 01:05:02.351029 - LilyBBS Top10 fetch successful!
2010-12-02 01:20:03.339535 - LilyBBS Top10 fetch successful!
2010-12-02 01:35:02.227697 - LilyBBS Top10 fetch successful!
2010-12-02 01:50:01.851537 - LilyBBS Top10 fetch successful!
2010-12-02 02:00:03.127423 - LilyBBS Events fetch successful!
2010-12-02 02:00:04.757729 - jiaowu fetch successful!
2010-12-02 02:05:01.825456 - LilyBBS Top10 fetch successful!
2010-12-02 02:20:02.382388 - LilyBBS Top10 fetch successful!
2010-12-02 02:35:01.881973 - LilyBBS Top10 fetch successful!
2010-12-02 02:50:02.464876 - LilyBBS Top10 fetch successful!
2010-12-02 03:00:03.021983 - LilyBBS Events fetch successful!
2010-12-02 03:00:04.592074 - jiaowu fetch successful!
2010-12-02 03:05:02.047615 - LilyBBS Top10 fetch successful!
2010-12-02 03:20:02.360254 - LilyBBS Top10 fetch successful!
2010-12-02 03:35:02.101729 - LilyBBS Top10 fetch successful!
2010-12-02 03:50:02.338667 - LilyBBS Top10 fetch successful!
2010-12-02 04:00:02.738872 - LilyBBS Events fetch successful!
2010-12-02 04:00:04.540114 - jiaowu fetch successful!
2010-12-02 04:05:02.324173 - LilyBBS Top10 fetch successful!
2010-12-02 04:20:05.105794 - LilyBBS Top10 fetch successful!
2010-12-02 04:35:01.790853 - LilyBBS Top10 fetch successful!
2010-12-02 04:50:02.513871 - LilyBBS Top10 fetch successful!
2010-12-02 05:00:01.508373 - LilyBBS Events fetch successful!
2010-12-02 05:00:03.133158 - jiaowu fetch successful!
2010-12-02 05:05:02.449910 - LilyBBS Top10 fetch successful!
2010-12-02 05:20:02.616703 - LilyBBS Top10 fetch successful!
2010-12-02 05:35:01.850431 - LilyBBS Top10 fetch successful!
2010-12-02 05:50:02.111443 - LilyBBS Top10 fetch successful!
2010-12-02 06:00:02.189106 - LilyBBS Events fetch successful!
2010-12-02 06:00:03.607917 - jiaowu fetch successful!
2010-12-02 06:05:02.318421 - LilyBBS Top10 fetch successful!
2010-12-02 06:20:02.045308 - LilyBBS Top10 fetch successful!
2010-12-02 06:35:02.224733 - LilyBBS Top10 fetch successful!
2010-12-02 06:50:02.133483 - LilyBBS Top10 fetch successful!
2010-12-02 07:00:03.159157 - LilyBBS Events fetch successful!
2010-12-02 07:00:04.920890 - jiaowu fetch successful!
2010-12-02 07:05:02.230497 - LilyBBS Top10 fetch successful!
2010-12-02 07:20:02.562137 - LilyBBS Top10 fetch successful!
2010-12-02 07:35:03.391462 - LilyBBS Top10 fetch successful!
2010-12-02 07:50:02.387233 - LilyBBS Top10 fetch successful!
2010-12-02 08:00:06.893594 - LilyBBS Events fetch successful!
2010-12-02 08:00:08.566042 - jiaowu fetch successful!
2010-12-02 08:05:05.843310 - LilyBBS Top10 fetch successful!
2010-12-02 08:20:02.296927 - LilyBBS Top10 fetch successful!
2010-12-02 08:35:02.286133 - LilyBBS Top10 fetch successful!
2010-12-02 08:50:02.384419 - LilyBBS Top10 fetch successful!
2010-12-02 09:00:02.182838 - LilyBBS Events fetch successful!
2010-12-02 09:00:03.805909 - jiaowu fetch successful!
2010-12-02 09:05:02.092659 - LilyBBS Top10 fetch successful!
2010-12-02 09:20:02.531964 - LilyBBS Top10 fetch successful!
2010-12-02 09:35:02.769868 - LilyBBS Top10 fetch successful!
2010-12-02 09:50:02.544416 - LilyBBS Top10 fetch successful!
2010-12-02 10:00:01.732580 - LilyBBS Events fetch successful!
2010-12-02 10:00:03.256827 - jiaowu fetch successful!
2010-12-02 10:05:03.561675 - LilyBBS Top10 fetch successful!
2010-12-02 10:05:07.435905 - source: LilyBBS TOP10
                             title:  [ZhenJiang]祝修GG永远快乐！镇江版众风云版友群爆祝贺！
2010-12-02 10:05:14.324985 - LilyBBS TOP10 - a new post to wordpress
2010-12-02 10:05:17.201742 - LilyBBS TOP10 - a new post to renren
2010-12-02 10:05:18.285366 - LilyBBS TOP10 - a new microblog to sina
2010-12-02 10:20:01.777663 - LilyBBS Top10 fetch successful!
2010-12-02 10:35:01.945237 - LilyBBS Top10 fetch successful!
2010-12-02 10:50:04.233810 - LilyBBS Top10 fetch successful!
2010-12-02 11:00:03.859916 - LilyBBS Events fetch successful!
2010-12-02 11:00:05.451376 - jiaowu fetch successful!
2010-12-02 11:05:02.320547 - LilyBBS Top10 fetch successful!
2010-12-02 11:05:04.495658 - source: LilyBBS TOP10
                             title:  [SPA]心理沙龙之人际交往篇
2010-12-02 11:05:09.400555 - LilyBBS TOP10 - a new post to wordpress
2010-12-02 11:05:12.240288 - LilyBBS TOP10 - a new post to renren
2010-12-02 11:05:13.334748 - LilyBBS TOP10 - a new microblog to sina
2010-12-02 11:20:02.345808 - LilyBBS Top10 fetch successful!
2010-12-02 11:35:02.702770 - LilyBBS Top10 fetch successful!
2010-12-02 11:35:03.702290 - source: LilyBBS TOP10
                             title:  [Girls]我还想跟他用呢  对mm无语
2010-12-02 11:35:04.956257 - LilyBBS TOP10 - a new post to wordpress
2010-12-02 11:35:07.015290 - LilyBBS TOP10 - a new post to renren
2010-12-02 11:50:02.599335 - LilyBBS Top10 fetch successful!
2010-12-02 11:50:03.606146 - source: LilyBBS TOP10
                             title:  [Girls]我还想跟他用呢  对mm无语
2010-12-02 11:50:13.015514 - LilyBBS TOP10 - a new post to wordpress
2010-12-02 11:50:17.356448 - LilyBBS TOP10 - a new post to renren
2010-12-02 11:50:18.438731 - LilyBBS TOP10 - a new microblog to sina
2010-12-02 12:00:03.969523 - LilyBBS Events fetch successful!
2010-12-02 12:00:09.656308 - jiaowu fetch successful!
2010-12-02 12:05:02.011787 - LilyBBS Top10 fetch successful!
2010-12-02 12:05:03.026613 - source: LilyBBS TOP10
                             title:  [Basketball]巴蒂尔末节神剑出鞘 科比沦为背景湖人四连败
2010-12-02 12:05:05.753396 - LilyBBS TOP10 - a new post to wordpress
2010-12-02 12:05:07.632951 - LilyBBS TOP10 - a new post to renren
2010-12-02 12:05:08.702184 - LilyBBS TOP10 - a new microblog to sina
2010-12-02 12:20:02.189233 - LilyBBS Top10 fetch successful!
2010-12-02 12:35:02.072312 - LilyBBS Top10 fetch successful!
2010-12-02 12:50:04.265761 - LilyBBS Top10 fetch successful!
2010-12-02 13:00:02.279343 - LilyBBS Events fetch successful!
2010-12-02 13:00:03.924828 - jiaowu fetch successful!
2010-12-02 13:05:02.411871 - LilyBBS Top10 fetch successful!
2010-12-02 13:05:03.494606 - source: LilyBBS TOP10
                             title:  [Girls]我还想跟他用呢  对mm无语
2010-12-02 13:05:05.164504 - LilyBBS TOP10 - a new post to wordpress
2010-12-02 13:05:10.789662 - LilyBBS TOP10 - a new post to renren
2010-12-02 13:05:11.819086 - LilyBBS TOP10 - a new microblog to sina
2010-12-02 13:05:13.774984 - source: LilyBBS TOP10
                             title:  [Pictures]几多人喜欢
2010-12-02 13:05:16.968025 - LilyBBS TOP10 - a new post to wordpress
2010-12-02 13:05:17.985733 - LilyBBS TOP10 - a new post to renren
2010-12-02 13:05:19.556831 - LilyBBS TOP10 - a new microblog to sina
2010-12-02 13:20:02.535655 - LilyBBS Top10 fetch successful!
2010-12-02 13:35:02.028701 - LilyBBS Top10 fetch successful!
2010-12-02 13:50:02.041662 - LilyBBS Top10 fetch successful!
2010-12-02 14:00:01.643990 - LilyBBS Events fetch successful!
2010-12-02 14:00:06.197687 - jiaowu fetch successful!
2010-12-02 14:05:02.588564 - LilyBBS Top10 fetch successful!
2010-12-02 14:20:03.486696 - LilyBBS Top10 fetch successful!
2010-12-02 14:35:02.246186 - LilyBBS Top10 fetch successful!
2010-12-02 14:35:03.843323 - source: LilyBBS TOP10
                             title:  [FOOD]5plus的异国厨房（N+2）这货就是黄瓜
2010-12-02 14:35:11.846076 - LilyBBS TOP10 - a new post to wordpress
2010-12-02 14:35:14.344673 - LilyBBS TOP10 - a new post to renren
2010-12-02 14:35:15.382502 - LilyBBS TOP10 - a new microblog to sina
2010-12-02 14:50:02.065541 - LilyBBS Top10 fetch successful!
2010-12-02 15:00:11.295895 - LilyBBS Events fetch successful!
2010-12-02 15:00:12.281960 - jiaowu fetch successful!
2010-12-02 15:05:09.567388 - LilyBBS Top10 fetch successful!
2010-12-02 15:20:02.131667 - LilyBBS Top10 fetch successful!
2010-12-02 15:35:02.618354 - LilyBBS Top10 fetch successful!
2010-12-02 15:50:02.594521 - LilyBBS Top10 fetch successful!
2010-12-02 16:00:05.807441 - LilyBBS Events fetch successful!
2010-12-02 16:00:08.715413 - jiaowu fetch successful!
2010-12-02 16:00:12.706060 - source: jiaowu
                             title:  荷兰埃因霍温技术大学全额奖学金留学项目宣讲会通知
2010-12-02 16:00:27.938678 - Jiaowu News - a new post to wordpress
2010-12-02 16:00:30.229758 - Jiaowu News - a new post to renren
2010-12-02 16:00:31.811752 - LilyBBS TOP10 - a new microblog to sina
2010-12-02 16:05:06.582242 - LilyBBS Top10 fetch successful!
2010-12-02 16:05:09.046366 - source: LilyBBS TOP10
                             title:  [Girls]真的很寒心
2010-12-02 16:05:15.016889 - LilyBBS TOP10 - a new post to wordpress
2010-12-02 16:05:15.825115 - LilyBBS TOP10 - a new post to renren
2010-12-02 16:05:16.607945 - LilyBBS TOP10 - a new microblog to sina
2010-12-02 16:20:05.136295 - LilyBBS Top10 fetch successful!
2010-12-02 16:35:03.670618 - LilyBBS Top10 fetch successful!
2010-12-02 16:50:07.154733 - LilyBBS Top10 fetch successful!
2010-12-02 17:00:02.763386 - LilyBBS Events fetch successful!
2010-12-02 17:00:04.591298 - jiaowu fetch successful!
2010-12-02 17:05:02.699996 - LilyBBS Top10 fetch successful!
2010-12-02 17:20:20.069054 - LilyBBS Top10 fetch successful!
2010-12-02 17:35:03.829520 - LilyBBS Top10 fetch successful!
2010-12-02 17:50:01.951693 - LilyBBS Top10 fetch successful!
2010-12-02 18:00:11.204508 - jiaowu fetch successful!
2010-12-02 18:00:03.976198 - LilyBBS Events fetch successful!
2010-12-02 18:00:07.032875 - source: LilyBBS Events
                             title:  12月3日墨尔本皇家理工大学谭安杰教授讲座 
2010-12-02 18:00:15.314690 - LilyBBS Events - a new post to wordpress
2010-12-02 18:00:17.348293 - LilyBBS Events - a new post to renren
2010-12-02 18:00:18.405908 - LilyBBS TOP10 - a new microblog to sina
2010-12-02 18:05:02.786770 - LilyBBS Top10 fetch successful!
2010-12-02 18:05:03.869570 - source: LilyBBS TOP10
                             title:  [Girls]穷小子有可能追上富家女吗？大家分析一下～
2010-12-02 18:05:05.214026 - LilyBBS TOP10 - a new post to wordpress
2010-12-02 18:05:06.395434 - LilyBBS TOP10 - a new post to renren
2010-12-02 18:05:08.995380 - LilyBBS TOP10 - a new microblog to sina
2010-12-02 18:20:07.220807 - LilyBBS Top10 fetch successful!
2010-12-02 18:35:03.659201 - LilyBBS Top10 fetch successful!
2010-12-02 18:35:05.047860 - source: LilyBBS TOP10
                             title:  [S_Environment]【友情提醒】年底注意防盗
2010-12-02 18:35:07.726353 - LilyBBS TOP10 - a new post to wordpress
2010-12-02 18:35:09.676353 - LilyBBS TOP10 - a new post to renren
2010-12-02 18:35:10.599928 - LilyBBS TOP10 - a new microblog to sina
2010-12-02 18:50:03.155683 - LilyBBS Top10 fetch successful!
2010-12-02 19:00:06.112959 - LilyBBS Events fetch successful!
2010-12-02 19:00:08.851429 - jiaowu fetch successful!
2010-12-02 19:05:04.084836 - LilyBBS Top10 fetch successful!
2010-12-02 19:05:07.285987 - source: LilyBBS TOP10
                             title:  [Pictures]上海物价对比美国物价（转自新浪）结果惊人 不知是真
2010-12-02 19:05:15.496997 - LilyBBS TOP10 - a new post to wordpress
2010-12-02 19:05:17.955939 - LilyBBS TOP10 - a new post to renren
2010-12-02 19:05:21.092713 - LilyBBS TOP10 - a new microblog to sina
2010-12-02 19:20:14.193809 - LilyBBS Top10 fetch successful!
2010-12-02 19:35:05.223538 - LilyBBS Top10 fetch successful!
2010-12-02 19:50:03.203744 - LilyBBS Top10 fetch successful!
2010-12-02 20:00:02.567832 - LilyBBS Events fetch successful!
2010-12-02 20:00:05.028418 - jiaowu fetch successful!
2010-12-02 20:05:02.148234 - LilyBBS Top10 fetch successful!
2010-12-02 20:20:02.704328 - LilyBBS Top10 fetch successful!
2010-12-02 20:35:03.637079 - LilyBBS Top10 fetch successful!
2010-12-02 20:35:05.956830 - source: LilyBBS TOP10
                             title:  [JobAndWork]理科小硕，求offer比较
2010-12-02 20:35:15.347637 - LilyBBS TOP10 - a new post to wordpress
2010-12-02 20:35:20.849196 - LilyBBS TOP10 - a new post to renren
2010-12-02 20:35:21.783928 - LilyBBS TOP10 - a new microblog to sina
2010-12-02 20:50:04.886925 - LilyBBS Top10 fetch successful!
2010-12-02 20:50:06.310167 - source: LilyBBS TOP10
                             title:  [JobAndWork]理科小硕，求offer比较
2010-12-02 20:50:11.220708 - LilyBBS TOP10 - a new post to wordpress
2010-12-02 20:50:12.692976 - LilyBBS TOP10 - a new post to renren
